Command line invocation:
    /Applications/Xcode.app/Contents/Developer/usr/bin/xcodebuild -project /Users/tywestbrook/foodtrack/ios/foodtrack.xcodeproj -configuration Debug -scheme foodtrack -destination id=C72C889E-32C5-49E0-A21B-39FED824DC9C

User defaults from command line:
    IDEPackageSupportUseBuiltinSCM = YES

Prepare packages

ComputeTargetDependencyGraph
note: Building targets in dependency order
note: Target dependency graph (1 target)
    Target 'foodtrack' in project 'foodtrack' (no dependencies)

GatherProvisioningInputs

CreateBuildDescription

ExecuteExternalTool /Applications/Xcode.app/Contents/Developer/Toolchains/XcodeDefault.xctoolchain/usr/bin/clang -v -E -dM -arch arm64 -isysroot /Applications/Xcode.app/Contents/Developer/Platforms/iPhoneSimulator.platform/Developer/SDKs/iPhoneSimulator17.5.sdk -x c -c /dev/null

ExecuteExternalTool /Applications/Xcode.app/Contents/Developer/usr/bin/ibtool --version --output-format xml1

ExecuteExternalTool /Applications/Xcode.app/Contents/Developer/Toolchains/XcodeDefault.xctoolchain/usr/bin/clang -v -E -dM -isysroot /Applications/Xcode.app/Contents/Developer/Platforms/iPhoneSimulator.platform/Developer/SDKs/iPhoneSimulator17.5.sdk -x c -c /dev/null

ExecuteExternalTool /Applications/Xcode.app/Contents/Developer/usr/bin/actool --print-asset-tag-combinations --output-format xml1 /Users/tywestbrook/foodtrack/ios/foodtrack/Images.xcassets

ExecuteExternalTool /Applications/Xcode.app/Contents/Developer/usr/bin/actool --version --output-format xml1

ExecuteExternalTool /Applications/Xcode.app/Contents/Developer/Toolchains/XcodeDefault.xctoolchain/usr/bin/swiftc -v

ExecuteExternalTool /Applications/Xcode.app/Contents/Developer/Toolchains/XcodeDefault.xctoolchain/usr/bin/ld -version_details

Build description signature: a2f8c2597ebbad841566f05bafa494d9
Build description path: /Users/tywestbrook/Library/Developer/Xcode/DerivedData/foodtrack-boaylbfviwhtifflzcdlrmdukvui/Build/Intermediates.noindex/XCBuildData/a2f8c2597ebbad841566f05bafa494d9.xcbuilddata
ClangStatCache /Applications/Xcode.app/Contents/Developer/Toolchains/XcodeDefault.xctoolchain/usr/bin/clang-stat-cache /Applications/Xcode.app/Contents/Developer/Platforms/iPhoneSimulator.platform/Developer/SDKs/iPhoneSimulator17.5.sdk /Users/tywestbrook/Library/Developer/Xcode/DerivedData/SDKStatCaches.noindex/iphonesimulator17.5-21F77-c098706a9f71eba4e76ae92ab367209a.sdkstatcache
    cd /Users/tywestbrook/foodtrack/ios/foodtrack.xcodeproj
    /Applications/Xcode.app/Contents/Developer/Toolchains/XcodeDefault.xctoolchain/usr/bin/clang-stat-cache /Applications/Xcode.app/Contents/Developer/Platforms/iPhoneSimulator.platform/Developer/SDKs/iPhoneSimulator17.5.sdk -o /Users/tywestbrook/Library/Developer/Xcode/DerivedData/SDKStatCaches.noindex/iphonesimulator17.5-21F77-c098706a9f71eba4e76ae92ab367209a.sdkstatcache

ProcessProductPackaging /Users/tywestbrook/foodtrack/ios/foodtrack/foodtrack.entitlements /Users/tywestbrook/Library/Developer/Xcode/DerivedData/foodtrack-boaylbfviwhtifflzcdlrmdukvui/Build/Intermediates.noindex/foodtrack.build/Debug-iphonesimulator/foodtrack.build/foodtrack.app-Simulated.xcent (in target 'foodtrack' from project 'foodtrack')
    cd /Users/tywestbrook/foodtrack/ios
    
    Entitlements:
    
    {
    "application-identifier" = "22BUN8VMSB.com.tyw81.foodtrack";
}
    
    builtin-productPackagingUtility /Users/tywestbrook/foodtrack/ios/foodtrack/foodtrack.entitlements -entitlements -format xml -o /Users/tywestbrook/Library/Developer/Xcode/DerivedData/foodtrack-boaylbfviwhtifflzcdlrmdukvui/Build/Intermediates.noindex/foodtrack.build/Debug-iphonesimulator/foodtrack.build/foodtrack.app-Simulated.xcent

ProcessProductPackaging /Users/tywestbrook/foodtrack/ios/foodtrack/foodtrack.entitlements /Users/tywestbrook/Library/Developer/Xcode/DerivedData/foodtrack-boaylbfviwhtifflzcdlrmdukvui/Build/Intermediates.noindex/foodtrack.build/Debug-iphonesimulator/foodtrack.build/foodtrack.app.xcent (in target 'foodtrack' from project 'foodtrack')
    cd /Users/tywestbrook/foodtrack/ios
    
    Entitlements:
    
    {
    "com.apple.security.get-task-allow" = 1;
}
    
    builtin-productPackagingUtility /Users/tywestbrook/foodtrack/ios/foodtrack/foodtrack.entitlements -entitlements -format xml -o /Users/tywestbrook/Library/Developer/Xcode/DerivedData/foodtrack-boaylbfviwhtifflzcdlrmdukvui/Build/Intermediates.noindex/foodtrack.build/Debug-iphonesimulator/foodtrack.build/foodtrack.app.xcent

ProcessProductPackagingDER /Users/tywestbrook/Library/Developer/Xcode/DerivedData/foodtrack-boaylbfviwhtifflzcdlrmdukvui/Build/Intermediates.noindex/foodtrack.build/Debug-iphonesimulator/foodtrack.build/foodtrack.app-Simulated.xcent /Users/tywestbrook/Library/Developer/Xcode/DerivedData/foodtrack-boaylbfviwhtifflzcdlrmdukvui/Build/Intermediates.noindex/foodtrack.build/Debug-iphonesimulator/foodtrack.build/foodtrack.app-Simulated.xcent.der (in target 'foodtrack' from project 'foodtrack')
    cd /Users/tywestbrook/foodtrack/ios
    /usr/bin/derq query -f xml -i /Users/tywestbrook/Library/Developer/Xcode/DerivedData/foodtrack-boaylbfviwhtifflzcdlrmdukvui/Build/Intermediates.noindex/foodtrack.build/Debug-iphonesimulator/foodtrack.build/foodtrack.app-Simulated.xcent -o /Users/tywestbrook/Library/Developer/Xcode/DerivedData/foodtrack-boaylbfviwhtifflzcdlrmdukvui/Build/Intermediates.noindex/foodtrack.build/Debug-iphonesimulator/foodtrack.build/foodtrack.app-Simulated.xcent.der --raw

ProcessProductPackagingDER /Users/tywestbrook/Library/Developer/Xcode/DerivedData/foodtrack-boaylbfviwhtifflzcdlrmdukvui/Build/Intermediates.noindex/foodtrack.build/Debug-iphonesimulator/foodtrack.build/foodtrack.app.xcent /Users/tywestbrook/Library/Developer/Xcode/DerivedData/foodtrack-boaylbfviwhtifflzcdlrmdukvui/Build/Intermediates.noindex/foodtrack.build/Debug-iphonesimulator/foodtrack.build/foodtrack.app.xcent.der (in target 'foodtrack' from project 'foodtrack')
    cd /Users/tywestbrook/foodtrack/ios
    /usr/bin/derq query -f xml -i /Users/tywestbrook/Library/Developer/Xcode/DerivedData/foodtrack-boaylbfviwhtifflzcdlrmdukvui/Build/Intermediates.noindex/foodtrack.build/Debug-iphonesimulator/foodtrack.build/foodtrack.app.xcent -o /Users/tywestbrook/Library/Developer/Xcode/DerivedData/foodtrack-boaylbfviwhtifflzcdlrmdukvui/Build/Intermediates.noindex/foodtrack.build/Debug-iphonesimulator/foodtrack.build/foodtrack.app.xcent.der --raw

PhaseScriptExecution [CP]\ Check\ Pods\ Manifest.lock /Users/tywestbrook/Library/Developer/Xcode/DerivedData/foodtrack-boaylbfviwhtifflzcdlrmdukvui/Build/Intermediates.noindex/foodtrack.build/Debug-iphonesimulator/foodtrack.build/Script-08A4A3CD28434E44B6B9DE2E.sh (in target 'foodtrack' from project 'foodtrack')
    cd /Users/tywestbrook/foodtrack/ios
    /bin/sh -c /Users/tywestbrook/Library/Developer/Xcode/DerivedData/foodtrack-boaylbfviwhtifflzcdlrmdukvui/Build/Intermediates.noindex/foodtrack.build/Debug-iphonesimulator/foodtrack.build/Script-08A4A3CD28434E44B6B9DE2E.sh
diff: /Podfile.lock: No such file or directory
error: The sandbox is not in sync with the Podfile.lock. Run 'pod install' or update your CocoaPods installation.

note: Run script build phase 'Bundle React Native code and images' will be run during every build because the option to run the script phase "Based on dependency analysis" is unchecked. (in target 'foodtrack' from project 'foodtrack')
